<?xml version="1.0" encoding="UTF-8"?>
<!-- Generated by org.testng.reporters.JUnitReportReporter -->
<testsuite hostname="stu147bd7" name="com.example.FormTest" tests="4" failures="0" timestamp="13 Jan 2018 03:29:54 GMT" time="0.615" errors="0">
  <testcase name="doGet" time="0.555" classname="com.example.FormTest"/>
  <testcase name="doGet" time="0.014" classname="com.example.FormTest"/>
  <testcase name="doGet" time="0.011" classname="com.example.FormTest"/>
  <testcase name="doGet" time="0.035" classname="com.example.FormTest"/>
</testsuite> <!-- com.example.FormTest -->
